
## You are using the Python ARM Radar Toolkit (Py-ART), an open source
## library for working with weather radar data. Py-ART is partly
## supported by the U.S. Department of Energy as part of the Atmospheric
## Radiation Measurement (ARM) Climate Research Facility, an Office of
## Science user facility.
##
## If you use this software to prepare a publication, please cite:
##
##     JJ Helmus and SM Collis, JORS 2016, doi: 10.5334/jors.119

 
=============================================================================
Reading file:/home/jruiz/share/DATA/DATOS_RADAR/RRA_radar/RMA4/20170923/cfrad.20170923_060943.0000_to_20170923_061330.0000_RMA4_9005_02.nc
=============================================================================
 
Found the following variable: PHIDP
Found the following variable: VRAD
Found the following variable: TH
Found the following variable: CM
Found the following variable: TV
Found the following variable: KDP
Found the following variable: RHOHV
Found the following variable: WRAD
 
RADAR : RMA4 2017-09-23-06-09-43
   FILE: /home/jruiz/share/DATA/DATOS_RADAR/RRA_radar/RMA4/20170923/cfrad.20170923_060943.0000_to_20170923_061330.0000_RMA4_9005_02.nc

-------------------------------------------
Checking if input data is valid
-------------------------------------------

The elapsed time in Input data check is 0.269400

-------------------------------------------
Reshaping the variables
-------------------------------------------

The elapsed time in Data reshape is 1.228729

-------------------------------------------
Georeferencing the data
-------------------------------------------

The elapsed time in Data georeferentiation is 2.251976

-------------------------------------------
Interpolating the terrain
-------------------------------------------

Trying to get a binary file with the interpolated topography
The elapsed time in topography interpolation is 0.124614

-------------------------------------------
Quality control routines
-------------------------------------------

-------------------------------------------
The following filters will be applied
In the following order
-------------------------------------------

Dealiasing
AttenuationFilter
DopplerSpatialCoherenceFilter
DopplerSpeckleFilter
InterferenceFilter
EchoTopFilter
DopplerNoiseFilter
RhoFilter
RefSpeckleFilter
LowDopplerFilter
BlockingFilter
MissingRefFilter

-------------------------------------------

-------------------------------------------
Running the filters
-------------------------------------------


-------------------------------------------
Running filter Dealiasing
-------------------------------------------


The elapsed time in Dealiasing is 10.529257


-------------------------------------------
Running filter AttenuationFilter
-------------------------------------------


The elapsed time in AttenuationFilter is 0.599130


-------------------------------------------
Running filter DopplerSpatialCoherenceFilter
-------------------------------------------


The elapsed time in DopplerSpatialCoherenceFilter is 1.759223


-------------------------------------------
Running filter DopplerSpeckleFilter
-------------------------------------------


The elapsed time in DopplerSpeckleFilter is 0.489944


-------------------------------------------
Running filter InterferenceFilter
-------------------------------------------


The elapsed time in InterferenceFilter is 13.941843


-------------------------------------------
Running filter EchoTopFilter
-------------------------------------------


The elapsed time in EchoTopFilter is 0.927262


-------------------------------------------
Running filter DopplerNoiseFilter
-------------------------------------------

